[    3967ms] [LOG] %c
▲

    ____                               _ __
   / __ \________  ____ _____ ___     (_) /_
  / / / / ___/ _ \/ __ `/ __ `__ \   / / __/
 / /_/ / /  /  __/ /_/ / / / / / /  / / /__
/_____/_/   \___/\__,_/_/ /_/ /_/  /_/\__( )
   _____ __    _          _ __           |/
  / ___// /_  (_)___     (_) /_
  \__ \/ __ \/ / __ \   / / __/
 ___/ / / / / / /_/ /  / / /_
/____/_/ /_/_/ .___/  /_/\__/
            /_/
  

Hello!

- Open Source https://vercel.com/oss
- Careers https://vercel.com/careers
- Status https://vercel-status.com

 font-family: "Geist Mono", monospace; white-space: pre; line-height: 1; @ https://vercel.com/_next/static/immutable/chunks/2v4re5sjm46o_.js:108
[    4659ms] [WARNING] Deprecated API for given entry type. @ https://vercel.com/_next/static/immutable/chunks/2pior404zc98i.js:18
[    4799ms] [ERROR] Failed to load resource: the server responded with a status of 403 () @ https://vercel.com/api/jwt:0
[   10585ms] [WARNING] The resource https://vercel.com/_next/static/immutable/chunks/3l1vkaiao2o7o.css was preloaded using link preload but not used within a few seconds from the window's load event. Please make sure it has an appropriate `as` value and it is preloaded intentionally. @ https://vercel.com/oauth/device?user_code=FRWH-MHSM:0
[   10585ms] [WARNING] The resource https://vercel.com/_next/static/immutable/chunks/1777f8dhtch_9.css was preloaded using link preload but not used within a few seconds from the window's load event. Please make sure it has an appropriate `as` value and it is preloaded intentionally. @ https://vercel.com/oauth/device?user_code=FRWH-MHSM:0
[   10585ms] [WARNING] The resource https://vercel.com/_next/static/immutable/chunks/1_-gzlz1lfys2.css was preloaded using link preload but not used within a few seconds from the window's load event. Please make sure it has an appropriate `as` value and it is preloaded intentionally. @ https://vercel.com/oauth/device?user_code=FRWH-MHSM:0
[   10585ms] [WARNING] The resource https://vercel.com/_next/static/immutable/chunks/0uj5f3hoqmasw.css was preloaded using link preload but not used within a few seconds from the window's load event. Please make sure it has an appropriate `as` value and it is preloaded intentionally. @ https://vercel.com/oauth/device?user_code=FRWH-MHSM:0
[   21076ms] [WARNING] The resource https://vercel.com/_next/static/immutable/chunks/3l1vkaiao2o7o.css was preloaded using link preload but not used within a few seconds from the window's load event. Please make sure it has an appropriate `as` value and it is preloaded intentionally. @ https://vercel.com/oauth/device?user_code=FRWH-MHSM:0
[   21076ms] [WARNING] The resource https://vercel.com/_next/static/immutable/chunks/1777f8dhtch_9.css was preloaded using link preload but not used within a few seconds from the window's load event. Please make sure it has an appropriate `as` value and it is preloaded intentionally. @ https://vercel.com/oauth/device?user_code=FRWH-MHSM:0
[   21076ms] [WARNING] The resource https://vercel.com/_next/static/immutable/chunks/1_-gzlz1lfys2.css was preloaded using link preload but not used within a few seconds from the window's load event. Please make sure it has an appropriate `as` value and it is preloaded intentionally. @ https://vercel.com/oauth/device?user_code=FRWH-MHSM:0
[   21077ms] [WARNING] The resource https://vercel.com/_next/static/immutable/chunks/0uj5f3hoqmasw.css was preloaded using link preload but not used within a few seconds from the window's load event. Please make sure it has an appropriate `as` value and it is preloaded intentionally. @ https://vercel.com/oauth/device?user_code=FRWH-MHSM:0
